0 info it worked if it ends with ok
1 verbose cli [ '/usr/local/bin/node', '/usr/local/bin/npm', 'run', 'build' ]
2 info using npm@2.15.1
3 info using node@v4.4.3
4 verbose run-script [ 'prebuild', 'build', 'postbuild' ]
5 info prebuild react-starter-kit@1.0.0
6 info build react-starter-kit@1.0.0
7 verbose unsafe-perm in lifecycle true
8 info react-starter-kit@1.0.0 Failed to exec build script
9 verbose stack Error: react-starter-kit@1.0.0 build: `webpack.js`
9 verbose stack spawn ENOENT
9 verbose stack     at ChildProcess.<anonymous> (/usr/local/lib/node_modules/npm/lib/utils/spawn.js:17:16)
9 verbose stack     at emitTwo (events.js:87:13)
9 verbose stack     at ChildProcess.emit (events.js:172:7)
9 verbose stack     at maybeClose (internal/child_process.js:827:16)
9 verbose stack     at Process.ChildProcess._handle.onexit (internal/child_process.js:211:5)
10 verbose pkgid react-starter-kit@1.0.0
11 verbose cwd /Users/Nate/turing/4module/projects/grudgeBin
12 error Darwin 15.4.0
13 error argv "/usr/local/bin/node" "/usr/local/bin/npm" "run" "build"
14 error node v4.4.3
15 error npm  v2.15.1
16 error file sh
17 error code ELIFECYCLE
18 error errno ENOENT
19 error syscall spawn
20 error react-starter-kit@1.0.0 build: `webpack.js`
20 error spawn ENOENT
21 error Failed at the react-starter-kit@1.0.0 build script 'webpack.js'.
21 error This is most likely a problem with the react-starter-kit package,
21 error not with npm itself.
21 error Tell the author that this fails on your system:
21 error     webpack.js
21 error You can get information on how to open an issue for this project with:
21 error     npm bugs react-starter-kit
21 error Or if that isn't available, you can get their info via:
21 error
21 error     npm owner ls react-starter-kit
21 error There is likely additional logging output above.
22 verbose exit [ 1, true ]
